<?xml version="1.0" encoding="utf-8"?><testsuites name="pytest tests"><testsuite name="pytest" errors="0" failures="0" skipped="0" tests="19" time="27.715" timestamp="2026-05-22T20:47:10.553016+00:00" hostname="agent-env-960ccf68-d9c9-4282-b1e8-23583e62b072"><testcase classname="backend.tests.test_email.TestEmailValidation" name="test_email_empty_to_returns_400" time="0.148" /><testcase classname="backend.tests.test_email.TestEmailSend" name="test_send_status_2xx" time="1.539" /><testcase classname="backend.tests.test_email.TestEmailSend" name="test_send_ok_true" time="0.000" /><testcase classname="backend.tests.test_email.TestEmailSend" name="test_email_log_persisted" time="0.005" /><testcase classname="backend.tests.test_email.TestEmailSend" name="test_response_does_not_leak_mongo_id" time="0.001" /><testcase classname="backend.tests.test_health.TestHealth" name="test_health_ok" time="0.063" /><testcase classname="backend.tests.test_health.TestHealth" name="test_root" time="0.057" /><testcase classname="backend.tests.test_ocr.TestOCRScan" name="test_scan_status_200" time="5.799" /><testcase classname="backend.tests.test_ocr.TestOCRScan" name="test_scan_response_shape" time="0.000" /><testcase classname="backend.tests.test_ocr.TestOCRScan" name="test_scan_attempts_is_one" time="0.000" /><testcase classname="backend.tests.test_ocr.TestOCRScan" name="test_scan_confidence_range" time="0.000" /><testcase classname="backend.tests.test_ocr.TestOCRScan" name="test_scan_has_bold_or_text" time="0.000" /><testcase classname="backend.tests.test_ocr.TestOCRScan" name="test_scan_persisted_in_mongo" time="0.004" /><testcase classname="backend.tests.test_ocr.TestOCRScanValidation" name="test_scan_missing_image_returns_400" time="0.060" /><testcase classname="backend.tests.test_ocr.TestOCRScanValidation" name="test_scan_missing_field_returns_422" time="0.059" /><testcase classname="backend.tests.test_ocr.TestOCRRescan" name="test_rescan_status_200" time="19.884" /><testcase classname="backend.tests.test_ocr.TestOCRRescan" name="test_rescan_attempts_incremented" time="0.000" /><testcase classname="backend.tests.test_ocr.TestOCRRescan" name="test_rescan_confidence_not_lower" time="0.000" /><testcase classname="backend.tests.test_ocr.TestOCRRescan" name="test_rescan_persisted" time="0.002" /></testsuite></testsuites>